2020-04-20 20:34:37,998 [Worker-8] INFO  c.g.t.t.d.PublishedGradleVersions - Gradle version information cache is out-of-date. Trying to update.
2020-04-20 20:36:52,462 [Worker-9] INFO  o.e.m.c.i.l.LifecycleMappingFactory - Using org.eclipse.m2e.jdt.JarLifecycleMapping lifecycle mapping for MavenProject: maven:Jackson:0.0.1-SNAPSHOT @ D:\Kids\Desktop\Freshman Year Games Revisit\Project-Exile\pom.xml.
2020-04-20 20:36:55,907 [Worker-9] INFO  o.e.m.c.i.embedder.EclipseLogger - Using 'UTF-8' encoding to copy filtered resources.
2020-04-20 20:36:55,907 [Worker-9] INFO  o.e.m.c.i.embedder.EclipseLogger - skip non existing resourceDirectory D:\Kids\Desktop\Freshman Year Games Revisit\Project-Exile\src\main\resources
2020-04-20 20:36:55,909 [Worker-9] INFO  o.e.m.c.i.embedder.EclipseLogger - Using 'UTF-8' encoding to copy filtered resources.
2020-04-20 20:36:55,953 [Worker-9] INFO  o.e.m.c.i.embedder.EclipseLogger - skip non existing resourceDirectory D:\Kids\Desktop\Freshman Year Games Revisit\Project-Exile\src\test\resources
2020-04-20 20:36:58,245 [Worker-12] INFO  o.e.m.c.i.embedder.EclipseLogger - Using 'UTF-8' encoding to copy filtered resources.
2020-04-20 20:36:58,245 [Worker-12] INFO  o.e.m.c.i.embedder.EclipseLogger - skip non existing resourceDirectory D:\Kids\Desktop\Freshman Year Games Revisit\Project-Exile\src\main\resources
2020-04-20 20:36:58,246 [Worker-12] INFO  o.e.m.c.i.embedder.EclipseLogger - Using 'UTF-8' encoding to copy filtered resources.
2020-04-20 20:36:58,246 [Worker-12] INFO  o.e.m.c.i.embedder.EclipseLogger - skip non existing resourceDirectory D:\Kids\Desktop\Freshman Year Games Revisit\Project-Exile\src\test\resources
2020-04-20 20:37:48,518 [Worker-14] INFO  o.e.m.c.i.embedder.EclipseLogger - Using 'UTF-8' encoding to copy filtered resources.
2020-04-20 20:37:48,518 [Worker-14] INFO  o.e.m.c.i.embedder.EclipseLogger - skip non existing resourceDirectory D:\Kids\Desktop\Freshman Year Games Revisit\Project-Exile\src\main\resources
2020-04-20 20:37:48,519 [Worker-14] INFO  o.e.m.c.i.embedder.EclipseLogger - Using 'UTF-8' encoding to copy filtered resources.
2020-04-20 20:37:48,519 [Worker-14] INFO  o.e.m.c.i.embedder.EclipseLogger - skip non existing resourceDirectory D:\Kids\Desktop\Freshman Year Games Revisit\Project-Exile\src\test\resources
2020-04-20 20:37:51,334 [Worker-11] INFO  o.e.m.c.i.embedder.EclipseLogger - Using 'UTF-8' encoding to copy filtered resources.
2020-04-20 20:37:51,334 [Worker-11] INFO  o.e.m.c.i.embedder.EclipseLogger - skip non existing resourceDirectory D:\Kids\Desktop\Freshman Year Games Revisit\Project-Exile\src\main\resources
2020-04-20 20:37:51,335 [Worker-11] INFO  o.e.m.c.i.embedder.EclipseLogger - Using 'UTF-8' encoding to copy filtered resources.
2020-04-20 20:37:51,335 [Worker-11] INFO  o.e.m.c.i.embedder.EclipseLogger - skip non existing resourceDirectory D:\Kids\Desktop\Freshman Year Games Revisit\Project-Exile\src\test\resources
2020-04-20 20:38:00,355 [Worker-0] INFO  o.e.m.c.i.embedder.EclipseLogger - Using 'UTF-8' encoding to copy filtered resources.
2020-04-20 20:38:00,355 [Worker-0] INFO  o.e.m.c.i.embedder.EclipseLogger - skip non existing resourceDirectory D:\Kids\Desktop\Freshman Year Games Revisit\Project-Exile\src\main\resources
2020-04-20 20:38:00,356 [Worker-0] INFO  o.e.m.c.i.embedder.EclipseLogger - Using 'UTF-8' encoding to copy filtered resources.
2020-04-20 20:38:00,356 [Worker-0] INFO  o.e.m.c.i.embedder.EclipseLogger - skip non existing resourceDirectory D:\Kids\Desktop\Freshman Year Games Revisit\Project-Exile\src\test\resources
